0 info it worked if it ends with ok
1 verbose cli [ '/usr/local/bin/node', '/usr/local/bin/npm', 'start' ]
2 info using npm@3.8.3
3 info using node@v5.10.0
4 warn onload-script failed to require onload script npm-autoinit/autoinit
5 warn onload-script Error: Cannot find module 'npm-autoinit/autoinit'
5 warn onload-script     at Function.Module._resolveFilename (module.js:339:15)
5 warn onload-script     at Function.Module._load (module.js:290:25)
5 warn onload-script     at Module.require (module.js:367:17)
5 warn onload-script     at require (internal/module.js:16:19)
5 warn onload-script     at cb (/usr/local/lib/node_modules/npm/lib/npm.js:189:11)
5 warn onload-script     at /usr/local/lib/node_modules/npm/lib/npm.js:295:16
5 warn onload-script     at /usr/local/lib/node_modules/npm/lib/config/core.js:80:7
5 warn onload-script     at Array.forEach (native)
5 warn onload-script     at /usr/local/lib/node_modules/npm/lib/config/core.js:79:13
5 warn onload-script     at f (/usr/local/lib/node_modules/npm/node_modules/once/once.js:17:25)
5 warn onload-script  { [Error: Cannot find module 'npm-autoinit/autoinit'] code: 'MODULE_NOT_FOUND' }
6 verbose stack Error: Failed to parse json
6 verbose stack Unexpected token 't' at 8:6
6 verbose stack     "test": "echo \"Error: no test specified\" && exit 1"
6 verbose stack      ^
6 verbose stack     at parseError (/usr/local/lib/node_modules/npm/node_modules/read-package-json/read-json.js:379:11)
6 verbose stack     at parseJson (/usr/local/lib/node_modules/npm/node_modules/read-package-json/read-json.js:68:23)
6 verbose stack     at /usr/local/lib/node_modules/npm/node_modules/read-package-json/read-json.js:48:5
6 verbose stack     at /usr/local/lib/node_modules/npm/node_modules/graceful-fs/graceful-fs.js:78:16
6 verbose stack     at tryToString (fs.js:414:3)
6 verbose stack     at FSReqWrap.readFileAfterClose [as oncomplete] (fs.js:401:12)
7 verbose cwd /Users/yongjaekim/Desktop/YongJae/Study/Node/react-skeleton
8 error Darwin 15.2.0
9 error argv "/usr/local/bin/node" "/usr/local/bin/npm" "start"
10 error node v5.10.0
11 error npm  v3.8.3
12 error file /Users/yongjaekim/Desktop/YongJae/Study/Node/react-skeleton/package.json
13 error code EJSONPARSE
14 error Failed to parse json
14 error Unexpected token 't' at 8:6
14 error     "test": "echo \"Error: no test specified\" && exit 1"
14 error      ^
15 error File: /Users/yongjaekim/Desktop/YongJae/Study/Node/react-skeleton/package.json
16 error Failed to parse package.json data.
16 error package.json must be actual JSON, not just JavaScript.
16 error
16 error This is not a bug in npm.
16 error Tell the package author to fix their package.json file. JSON.parse
17 verbose exit [ 1, true ]
